2022-02-06 09:03:00,291 ERROR    connection to server at "localhost" (127.0.0.1), port 5432 failed: FATAL:  sorry, too many clients already
connection to server at "localhost" (127.0.0.1), port 5432 failed: FATAL:  sorry, too many clients already

2022-02-07 22:26:11,284 ERROR    invalid input syntax for type integer: ""
LINE 1: ...n country c on suc.sport_id = sp.id and sp.code = '' and suc...
                                                             ^

2022-02-07 22:26:22,443 ERROR    invalid input syntax for type integer: ""
LINE 1: ...n country c on suc.sport_id = sp.id and sp.code = '' and suc...
                                                             ^

2022-02-07 22:26:24,808 ERROR    invalid input syntax for type integer: ""
LINE 1: ...n country c on suc.sport_id = sp.id and sp.code = '' and suc...
                                                             ^

2022-02-07 22:29:08,055 ERROR    invalid input syntax for type integer: ""
LINE 1: ...n country c on suc.sport_id = sp.id and sp.code = '' and suc...
                                                             ^

2022-02-07 22:29:17,441 ERROR    invalid input syntax for type integer: ""
LINE 1: ...n country c on suc.sport_id = sp.id and sp.code = '' and suc...
                                                             ^

2022-02-07 22:29:21,809 ERROR    invalid input syntax for type integer: ""
LINE 1: ...n country c on suc.sport_id = sp.id and sp.code = '' and suc...
                                                             ^

2022-02-07 22:30:17,044 ERROR    invalid input syntax for type integer: ""
LINE 1: ...n country c on suc.sport_id = sp.id and sp.code = '' and suc...
                                                             ^

2022-02-07 22:30:21,610 ERROR    invalid input syntax for type integer: ""
LINE 1: ...n country c on suc.sport_id = sp.id and sp.code = '' and suc...
                                                             ^

2022-02-07 22:30:50,808 ERROR    invalid input syntax for type integer: ""
LINE 1: ...n country c on suc.sport_id = sp.id and sp.code = '' and suc...
                                                             ^

2022-02-07 22:31:12,948 ERROR    invalid input syntax for type integer: ""
LINE 1: ...n country c on suc.sport_id = sp.id and sp.code = '' and suc...
                                                             ^

2022-02-07 22:31:44,362 ERROR    invalid input syntax for type integer: ""
LINE 1: ...n country c on suc.sport_id = sp.id and sp.code = '' and suc...
                                                             ^

2022-02-07 22:32:04,774 ERROR    invalid input syntax for type integer: ""
LINE 1: ...n country c on suc.sport_id = sp.id and sp.code = '' and suc...
                                                             ^

2022-02-07 22:32:26,977 ERROR    invalid input syntax for type integer: ""
LINE 1: ...n country c on suc.sport_id = sp.id and sp.code = '' and suc...
                                                             ^

